{
  "stats": {
    "suites": 1,
    "tests": 1,
    "passes": 1,
    "pending": 0,
    "failures": 0,
    "start": "2023-09-10T17:57:57.874Z",
    "end": "2023-09-10T17:58:12.102Z",
    "duration": 14228,
    "testsRegistered": 1,
    "passPercent": 100,
    "pendingPercent": 0,
    "other": 0,
    "hasOther": false,
    "skipped": 0,
    "hasSkipped": false
  },
  "results": [
    {
      "uuid": "b9c77a02-8f4f-4a4b-8476-f652f62182ba",
      "title": "",
      "fullFile": "cypress\\tests\\ecomTest.feature",
      "file": "cypress\\tests\\ecomTest.feature",
      "beforeHooks": [],
      "afterHooks": [],
      "tests": [],
      "suites": [
        {
          "uuid": "a1521378-0d26-4ad4-b8c3-44e19cc6c7d1",
          "title": "Ecommerce product selection and validation test",
          "fullFile": "",
          "file": "",
          "beforeHooks": [],
          "afterHooks": [],
          "tests": [
            {
              "title": "Product selection in the ecommerce site and updating as well as validating the same in the cart",
              "fullTitle": "Ecommerce product selection and validation test Product selection in the ecommerce site and updating as well as validating the same in the cart",
              "timedOut": null,
              "duration": 10054,
              "state": "passed",
              "speed": "slow",
              "pass": true,
              "fail": false,
              "pending": false,
              "context": null,
              "code": "const state = window.testState;\nreturn cy\n  .then(() => state.onStartScenario(scenario, indexedSteps))\n  .then(() =>\n    resolveAndRunBeforeHooks.call(this, scenario.tags, state.feature.name)\n  )\n  .then(() =>\n    indexedSteps.forEach((step) =>\n      stepTest.call(this, state, step, rowData)\n    )\n  )\n  .then(() => state.onFinishScenario(scenario));",
              "err": {},
              "uuid": "7d122cbc-f9c2-433e-86e0-b7074fbc72dd",
              "parentUUID": "a1521378-0d26-4ad4-b8c3-44e19cc6c7d1",
              "isHook": false,
              "skipped": false
            }
          ],
          "suites": [],
          "passes": [
            "7d122cbc-f9c2-433e-86e0-b7074fbc72dd"
          ],
          "failures": [],
          "pending": [],
          "skipped": [],
          "duration": 10054,
          "root": false,
          "rootEmpty": false,
          "_timeout": 2000
        }
      ],
      "passes": [],
      "failures": [],
      "pending": [],
      "skipped": [],
      "duration": 0,
      "root": true,
      "rootEmpty": true,
      "_timeout": 2000
    }
  ],
  "meta": {
    "mocha": {
      "version": "7.0.1"
    },
    "mochawesome": {
      "options": {
        "quiet": false,
        "reportFilename": "mochawesome",
        "saveHtml": true,
        "saveJson": true,
        "consoleReporter": "spec",
        "useInlineDiffs": false,
        "code": true
      },
      "version": "7.1.3"
    },
    "marge": {
      "options": null,
      "version": "6.2.0"
    }
  }
}